<?xml version="1.0" encoding="UTF-8"?>
<!-- Generated by org.testng.reporters.JUnitReportReporter -->
<testsuite hostname="User-PC" name="com.qa.testcases.LoginTestCase" tests="1" failures="0" timestamp="24 Sep 2019 13:02:57 GMT" time="52.328" errors="0">
  <testcase name="testCase1" time="52.328" classname="com.qa.testcases.LoginTestCase"/>
</testsuite> <!-- com.qa.testcases.LoginTestCase -->
