<?xml version="1.0" encoding="UTF-8"?>
<!-- Generated by org.testng.reporters.JUnitReportReporter -->
<testsuite hostname="User-PC" name="com.qa.testcases.homePageTest" tests="3" failures="0" timestamp="24 Sep 2019 12:42:03 GMT" time="164.584" errors="0">
  <testcase name="testcase3_dealsPage" time="47.192" classname="com.qa.testcases.homePageTest"/>
  <testcase name="testcase2_contactPage" time="64.995" classname="com.qa.testcases.homePageTest"/>
  <testcase name="testcase4_taskPage" time="52.397" classname="com.qa.testcases.homePageTest"/>
</testsuite> <!-- com.qa.testcases.homePageTest -->
