<?xml version="1.0" encoding="UTF-8"?>
<!-- Generated by org.testng.reporters.JUnitReportReporter -->
<testsuite hostname="User-PC" failures="0" tests="1" name="com.qa.testcases.LoginTestCase" time="51.595" errors="0" timestamp="24 Sep 2019 13:04:45 GMT" skipped="0">
  <testcase classname="com.qa.testcases.LoginTestCase" name="testCase1" time="51.595"/>
</testsuite> <!-- com.qa.testcases.LoginTestCase -->
